<?xml version="1.0" encoding="UTF-8"?>
<!-- Generated by org.testng.reporters.JUnitReportReporter -->
<testsuite hostname="UNVII" failures="0" tests="1" name="Chull.TestCase" time="23.559" errors="0" timestamp="2025-06-08T12:09:07 IST" skipped="0">
  <testcase classname="Chull.TestCase" name="viewAllTest" time="23.559"/>
  <system-out/>
</testsuite> <!-- Chull.TestCase -->
