<?xml version="1.0" encoding="UTF-8"?>
<!-- Generated by org.testng.reporters.JUnitReportReporter -->
<testsuite hostname="UNVII" failures="0" tests="1" name="Chull.TestCase" time="19.677" errors="0" timestamp="2025-07-02T18:30:25 IST" skipped="0">
  <testcase classname="Chull.TestCase" name="check_SubscriptionButtonIsclickable" time="19.677"/>
  <system-out/>
</testsuite> <!-- Chull.TestCase -->
