<?xml version="1.0" encoding="UTF-8"?>
<!-- Generated by org.testng.reporters.JUnitReportReporter -->
<testsuite hostname="UNVII" failures="0" tests="1" name="Foursidesplay.TestCase" time="48.112" errors="0" timestamp="2025-07-17T15:20:19 IST" skipped="0">
  <testcase classname="Foursidesplay.TestCase" name="checkRelatedvideo" time="48.112"/>
  <system-out/>
</testsuite> <!-- Foursidesplay.TestCase -->
