<?xml version="1.0" encoding="UTF-8"?>
<!-- Generated by org.testng.reporters.JUnitReportReporter -->
<testsuite hostname="UNVII" failures="0" tests="1" name="Chull.TestCase" time="24.437" errors="0" timestamp="2025-06-06T11:22:55 IST" skipped="0">
  <testcase classname="Chull.TestCase" name="playVideoTest" time="24.437"/>
  <system-out/>
</testsuite> <!-- Chull.TestCase -->
