<?xml version="1.0" encoding="UTF-8"?>
<!-- Generated by org.testng.reporters.JUnitReportReporter -->
<testsuite hostname="UNVII" failures="0" tests="1" name="NewChull.TestCase" time="14.560" errors="0" timestamp="2025-06-05T14:39:17 IST" skipped="0">
  <testcase classname="NewChull.TestCase" name="loginWithPhoneNumber" time="14.560"/>
  <system-out/>
</testsuite> <!-- NewChull.TestCase -->
