<?xml version="1.0" encoding="UTF-8"?>
<!-- Generated by org.testng.reporters.JUnitReportReporter -->
<testsuite hostname="UNVII" failures="0" tests="1" name="Chull.TestCase" time="17.234" errors="0" timestamp="2025-07-17T11:35:49 IST" skipped="0">
  <testcase classname="Chull.TestCase" name="loginWithPhoneNumber" time="17.234"/>
  <system-out/>
</testsuite> <!-- Chull.TestCase -->
