<?xml version="1.0" encoding="UTF-8"?>
<!-- Generated by org.testng.reporters.JUnitReportReporter -->
<testsuite hostname="UNVII" failures="0" tests="1" name="Chull.TestCase" time="20.989" errors="0" timestamp="2025-06-06T18:36:16 IST" skipped="0">
  <testcase classname="Chull.TestCase" name="playVideoTest" time="20.989"/>
  <system-out/>
</testsuite> <!-- Chull.TestCase -->
