<?xml version="1.0" encoding="UTF-8"?>
<!-- Generated by org.testng.reporters.JUnitReportReporter -->
<testsuite hostname="UNVII" failures="0" tests="1" name="Chull.TestCase" time="24.145" errors="0" timestamp="2025-06-06T12:50:00 IST" skipped="0">
  <testcase classname="Chull.TestCase" name="logoutTest" time="24.145"/>
  <system-out/>
</testsuite> <!-- Chull.TestCase -->
