<?xml version="1.0" encoding="UTF-8"?>
<!-- Generated by org.testng.reporters.JUnitReportReporter -->
<testsuite hostname="UNVII" failures="0" tests="1" name="Chull.TestCase" time="10.031" errors="0" timestamp="2025-07-03T18:46:20 IST" skipped="0">
  <testcase classname="Chull.TestCase" name="countTotalVideosWithNames" time="10.031"/>
  <system-out/>
</testsuite> <!-- Chull.TestCase -->
