<?xml version="1.0" encoding="UTF-8"?>
<!-- Generated by org.testng.reporters.JUnitReportReporter -->
<testsuite hostname="UNVII" failures="0" tests="1" name="Foursidesplay.TestCase" time="20.914" errors="0" timestamp="2025-08-05T13:16:13 IST" skipped="0">
  <testcase classname="Foursidesplay.TestCase" name="viewAllTest" time="20.914"/>
  <system-out/>
</testsuite> <!-- Foursidesplay.TestCase -->
