<?xml version="1.0" encoding="UTF-8"?>
<!-- Generated by org.testng.reporters.JUnitReportReporter -->
<testsuite hostname="UNVII" failures="0" tests="1" name="Foursidesplay.Testcase2" time="11.102" errors="0" timestamp="2025-08-05T12:39:02 IST" skipped="0">
  <testcase classname="Foursidesplay.Testcase2" name="clickwatchnow_userredirect_into_login" time="11.102"/>
  <system-out/>
</testsuite> <!-- Foursidesplay.Testcase2 -->
