<?xml version="1.0" encoding="UTF-8"?>
<!-- Generated by org.testng.reporters.JUnitReportReporter -->
<testsuite hostname="UNVII" failures="0" tests="12" name="Chull.TestCase" time="325.748" errors="0" timestamp="2025-06-18T14:38:36 IST" skipped="0">
  <testcase classname="Chull.TestCase" name="verifyCurrentUrlTest" time="5.121"/>
  <testcase classname="Chull.TestCase" name="loginWithPhoneNumber" time="15.363"/>
  <testcase classname="Chull.TestCase" name="checkRelatedvideo" time="42.829"/>
  <testcase classname="Chull.TestCase" name="footerTermsAndConditionsTest" time="13.222"/>
  <testcase classname="Chull.TestCase" name="updateProfileTest" time="47.871"/>
  <testcase classname="Chull.TestCase" name="playVideoTest" time="23.199"/>
  <testcase classname="Chull.TestCase" name="loginWithMailTest" time="18.122"/>
  <testcase classname="Chull.TestCase" name="logoutTest" time="44.640"/>
  <testcase classname="Chull.TestCase" name="filterValuesTest" time="54.034"/>
  <testcase classname="Chull.TestCase" name="searchVideoTest" time="26.575"/>
  <testcase classname="Chull.TestCase" name="wrongOtpLoginTest" time="12.779"/>
  <testcase classname="Chull.TestCase" name="viewAllTest" time="21.993"/>
</testsuite> <!-- Chull.TestCase -->
