<?xml version="1.0" encoding="UTF-8"?>
<!-- Generated by org.testng.reporters.JUnitReportReporter -->
<testsuite hostname="UNVII" failures="0" tests="6" name="Chull.TestCase" time="132.296" errors="0" timestamp="2025-06-06T11:32:05 IST" skipped="0">
  <testcase classname="Chull.TestCase" name="searchVideoTest" time="22.854"/>
  <testcase classname="Chull.TestCase" name="loginWithMailTest" time="38.065"/>
  <testcase classname="Chull.TestCase" name="updateProfileTest" time="17.298"/>
  <testcase classname="Chull.TestCase" name="loginWithPhoneNumber" time="40.850"/>
  <testcase classname="Chull.TestCase" name="verifyCurrentUrlTest" time="2.782"/>
  <testcase classname="Chull.TestCase" name="wrongOtpLoginTest" time="10.447"/>
</testsuite> <!-- Chull.TestCase -->
