<?xml version="1.0" encoding="UTF-8"?>
<!-- Generated by org.testng.reporters.JUnitReportReporter -->
<testsuite hostname="UNVII" failures="0" tests="15" name="Chull.TestCase" time="413.171" errors="0" timestamp="2025-07-02T18:52:15 IST" skipped="0">
  <testcase classname="Chull.TestCase" name="checkRelatedvideo" time="65.229"/>
  <testcase classname="Chull.TestCase" name="loginWithMailTest" time="11.928"/>
  <testcase classname="Chull.TestCase" name="wrongOtpLoginTest" time="11.843"/>
  <testcase classname="Chull.TestCase" name="viewAllTest" time="47.269"/>
  <testcase classname="Chull.TestCase" name="Banner_is_visible" time="23.000"/>
  <testcase classname="Chull.TestCase" name="withoutLoginSubscriptionButtonisVisible" time="32.236"/>
  <testcase classname="Chull.TestCase" name="loginWithPhoneNumber" time="42.285"/>
  <testcase classname="Chull.TestCase" name="playVideoTest" time="15.100"/>
  <testcase classname="Chull.TestCase" name="filterValuesTest" time="51.946"/>
  <testcase classname="Chull.TestCase" name="footerTermsAndConditionsTest" time="9.544"/>
  <testcase classname="Chull.TestCase" name="searchVideoTest" time="22.871"/>
  <testcase classname="Chull.TestCase" name="subscription" time="42.269"/>
  <testcase classname="Chull.TestCase" name="updateProfileTest" time="18.268"/>
  <testcase classname="Chull.TestCase" name="verifyCurrentUrlTest" time="3.419"/>
  <testcase classname="Chull.TestCase" name="logoutTest" time="15.964"/>
</testsuite> <!-- Chull.TestCase -->
