<?xml version="1.0" encoding="UTF-8"?>
<!-- Generated by org.testng.reporters.JUnitReportReporter -->
<testsuite hostname="UNVII" failures="0" tests="11" name="Chull.TestCase" time="189.258" errors="0" timestamp="2025-06-18T11:31:25 IST" skipped="0">
  <testcase classname="Chull.TestCase" name="footerTermsAndConditionsTest" time="23.424"/>
  <testcase classname="Chull.TestCase" name="updateProfileTest" time="17.856"/>
  <testcase classname="Chull.TestCase" name="playVideoTest" time="18.543"/>
  <testcase classname="Chull.TestCase" name="loginWithPhoneNumber" time="13.745"/>
  <testcase classname="Chull.TestCase" name="viewAllTest" time="19.746"/>
  <testcase classname="Chull.TestCase" name="verifyCurrentUrlTest" time="4.066"/>
  <testcase classname="Chull.TestCase" name="searchVideoTest" time="23.592"/>
  <testcase classname="Chull.TestCase" name="loginWithMailTest" time="16.605"/>
  <testcase classname="Chull.TestCase" name="wrongOtpLoginTest" time="12.583"/>
  <testcase classname="Chull.TestCase" name="filterValuesTest" time="23.660"/>
  <testcase classname="Chull.TestCase" name="logoutTest" time="15.438"/>
</testsuite> <!-- Chull.TestCase -->
