<?xml version="1.0" encoding="UTF-8"?>
<!-- Generated by org.testng.reporters.JUnitReportReporter -->
<testsuite hostname="UNVII" failures="0" tests="15" name="Chull.TestCase" time="256.151" errors="0" timestamp="2025-06-27T18:48:58 IST" skipped="0">
  <testcase classname="Chull.TestCase" name="checkRelatedvideo" time="42.013"/>
  <testcase classname="Chull.TestCase" name="verifyCurrentUrlTest" time="3.854"/>
  <testcase classname="Chull.TestCase" name="filterValuesTest" time="27.316"/>
  <testcase classname="Chull.TestCase" name="logoutTest" time="16.362"/>
  <testcase classname="Chull.TestCase" name="updateProfileTest" time="18.574"/>
  <testcase classname="Chull.TestCase" name="searchVideoTest" time="24.413"/>
  <testcase classname="Chull.TestCase" name="loginWithPhoneNumber" time="13.986"/>
  <testcase classname="Chull.TestCase" name="subscription" time="14.720"/>
  <testcase classname="Chull.TestCase" name="withoutLoginSubscriptionButtonisVisible" time="4.162"/>
  <testcase classname="Chull.TestCase" name="wrongOtpLoginTest" time="11.453"/>
  <testcase classname="Chull.TestCase" name="loginWithMailTest" time="9.204"/>
  <testcase classname="Chull.TestCase" name="playVideoTest" time="22.688"/>
  <testcase classname="Chull.TestCase" name="viewAllTest" time="20.555"/>
  <testcase classname="Chull.TestCase" name="footerTermsAndConditionsTest" time="11.022"/>
  <testcase classname="Chull.TestCase" name="Banner_is_visible" time="15.829"/>
</testsuite> <!-- Chull.TestCase -->
