<?xml version="1.0" encoding="UTF-8"?>
<!-- Generated by org.testng.reporters.JUnitReportReporter -->
<testsuite hostname="UNVII" failures="0" tests="8" name="Chull.TestCase" time="139.509" errors="0" timestamp="2025-06-06T13:00:42 IST" skipped="0">
  <testcase classname="Chull.TestCase" name="loginWithPhoneNumber" time="13.285"/>
  <testcase classname="Chull.TestCase" name="verifyCurrentUrlTest" time="32.064"/>
  <testcase classname="Chull.TestCase" name="updateProfileTest" time="17.625"/>
  <testcase classname="Chull.TestCase" name="footerTermsAndConditionsTest" time="9.464"/>
  <testcase classname="Chull.TestCase" name="loginWithMailTest" time="8.865"/>
  <testcase classname="Chull.TestCase" name="searchVideoTest" time="24.280"/>
  <testcase classname="Chull.TestCase" name="playVideoTest" time="23.001"/>
  <testcase classname="Chull.TestCase" name="wrongOtpLoginTest" time="10.925"/>
</testsuite> <!-- Chull.TestCase -->
