<?xml version="1.0" encoding="UTF-8"?>
<!-- Generated by org.testng.reporters.JUnitReportReporter -->
<testsuite hostname="UNVII" failures="0" tests="11" name="Chull.TestCase" time="186.997" errors="0" timestamp="2025-06-10T12:18:48 IST" skipped="0">
  <testcase classname="Chull.TestCase" name="searchVideoTest" time="26.206"/>
  <testcase classname="Chull.TestCase" name="wrongOtpLoginTest" time="13.881"/>
  <testcase classname="Chull.TestCase" name="footerTermsAndConditionsTest" time="15.037"/>
  <testcase classname="Chull.TestCase" name="loginWithMailTest" time="8.821"/>
  <testcase classname="Chull.TestCase" name="viewAllTest" time="19.999"/>
  <testcase classname="Chull.TestCase" name="verifyCurrentUrlTest" time="4.894"/>
  <testcase classname="Chull.TestCase" name="updateProfileTest" time="24.232"/>
  <testcase classname="Chull.TestCase" name="filterValuesTest" time="24.433"/>
  <testcase classname="Chull.TestCase" name="playVideoTest" time="20.861"/>
  <testcase classname="Chull.TestCase" name="logoutTest" time="15.749"/>
  <testcase classname="Chull.TestCase" name="loginWithPhoneNumber" time="12.884"/>
</testsuite> <!-- Chull.TestCase -->
