<?xml version="1.0" encoding="UTF-8"?>
<!-- Generated by org.testng.reporters.JUnitReportReporter -->
<testsuite hostname="UNVII" failures="0" tests="9" name="Chull.TestCase" time="125.284" errors="0" timestamp="2025-06-06T18:42:18 IST" skipped="0">
  <testcase classname="Chull.TestCase" name="loginWithPhoneNumber" time="12.947"/>
  <testcase classname="Chull.TestCase" name="footerTermsAndConditionsTest" time="13.875"/>
  <testcase classname="Chull.TestCase" name="wrongOtpLoginTest" time="10.487"/>
  <testcase classname="Chull.TestCase" name="logoutTest" time="14.562"/>
  <testcase classname="Chull.TestCase" name="loginWithMailTest" time="8.858"/>
  <testcase classname="Chull.TestCase" name="verifyCurrentUrlTest" time="3.765"/>
  <testcase classname="Chull.TestCase" name="updateProfileTest" time="17.515"/>
  <testcase classname="Chull.TestCase" name="searchVideoTest" time="25.024"/>
  <testcase classname="Chull.TestCase" name="playVideoTest" time="18.251"/>
</testsuite> <!-- Chull.TestCase -->
